\BOOKMARK [0][-]{chapter.1}{\376\377\0001\000\040\000D\000e\000s\000c\000r\000i\000\347\000\343\000o\000\040\000G\000e\000r\000a\000l\000\040\000d\000o\000\040\000P\000r\000o\000j\000e\000t\000o\000:}{}% 1
\BOOKMARK [1][-]{section.1.1}{\376\377\0001\000.\0001\000\040\000O\000b\000j\000e\000t\000i\000v\000o\000s\000\040\000E\000s\000p\000e\000c\000\355\000f\000i\000c\000o\000s\000:}{chapter.1}% 2
\BOOKMARK [0][-]{chapter.2}{\376\377\0002\000\040\000\315\000n\000d\000i\000c\000e\000\040\000d\000a\000s\000\040\000e\000s\000t\000r\000u\000t\000u\000r\000a\000s\000\040\000d\000e\000\040\000d\000a\000d\000o\000s}{}% 3
\BOOKMARK [1][-]{section.2.1}{\376\377\0002\000.\0001\000\040\000E\000s\000t\000r\000u\000t\000u\000r\000a\000s\000\040\000d\000e\000\040\000d\000a\000d\000o\000s}{chapter.2}% 4
\BOOKMARK [0][-]{chapter.3}{\376\377\0003\000\040\000\315\000n\000d\000i\000c\000e\000\040\000d\000o\000s\000\040\000f\000i\000c\000h\000e\000i\000r\000o\000s}{}% 5
\BOOKMARK [1][-]{section.3.1}{\376\377\0003\000.\0001\000\040\000L\000i\000s\000t\000a\000\040\000d\000e\000\040\000f\000i\000c\000h\000e\000i\000r\000o\000s}{chapter.3}% 6
\BOOKMARK [0][-]{chapter.4}{\376\377\0004\000\040\000D\000o\000c\000u\000m\000e\000n\000t\000a\000\347\000\343\000o\000\040\000d\000a\000\040\000e\000s\000t\000r\000u\000t\000u\000r\000a\000s\000\040\000d\000e\000\040\000d\000a\000d\000o\000s}{}% 7
\BOOKMARK [1][-]{section.4.1}{\376\377\0004\000.\0001\000\040\000R\000e\000f\000e\000r\000\352\000n\000c\000i\000a\000\040\000\340\000\040\000e\000s\000t\000r\000u\000t\000u\000r\000a\000\040\000A\000n\000t\000e\000n\000a}{chapter.4}% 8
\BOOKMARK [2][-]{subsection.4.1.1}{\376\377\0004\000.\0001\000.\0001\000\040\000D\000e\000s\000c\000r\000i\000\347\000\343\000o\000\040\000d\000e\000t\000a\000l\000h\000a\000d\000a}{section.4.1}% 9
\BOOKMARK [2][-]{subsection.4.1.2}{\376\377\0004\000.\0001\000.\0002\000\040\000D\000o\000c\000u\000m\000e\000n\000t\000a\000\347\000\343\000o\000\040\000d\000o\000s\000\040\000c\000a\000m\000p\000o\000s\000\040\000e\000\040\000a\000t\000r\000i\000b\000u\000t\000o\000s}{section.4.1}% 10
\BOOKMARK [3][-]{subsubsection.4.1.2.1}{\376\377\0004\000.\0001\000.\0002\000.\0001\000\040\000f\000r\000e\000q\000u\000e\000n\000c\000i\000a}{subsection.4.1.2}% 11
\BOOKMARK [3][-]{subsubsection.4.1.2.2}{\376\377\0004\000.\0001\000.\0002\000.\0002\000\040\000p\000r\000o\000x}{subsection.4.1.2}% 12
\BOOKMARK [3][-]{subsubsection.4.1.2.3}{\376\377\0004\000.\0001\000.\0002\000.\0003\000\040\000x}{subsection.4.1.2}% 13
\BOOKMARK [3][-]{subsubsection.4.1.2.4}{\376\377\0004\000.\0001\000.\0002\000.\0004\000\040\000y}{subsection.4.1.2}% 14
\BOOKMARK [1][-]{section.4.2}{\376\377\0004\000.\0002\000\040\000R\000e\000f\000e\000r\000\352\000n\000c\000i\000a\000\040\000\340\000\040\000e\000s\000t\000r\000u\000t\000u\000r\000a\000\040\000A\000n\000t\000e\000n\000a\000F\000i\000c\000h\000e\000i\000r\000o}{chapter.4}% 15
\BOOKMARK [2][-]{subsection.4.2.1}{\376\377\0004\000.\0002\000.\0001\000\040\000D\000e\000s\000c\000r\000i\000\347\000\343\000o\000\040\000d\000e\000t\000a\000l\000h\000a\000d\000a}{section.4.2}% 16
\BOOKMARK [2][-]{subsection.4.2.2}{\376\377\0004\000.\0002\000.\0002\000\040\000D\000o\000c\000u\000m\000e\000n\000t\000a\000\347\000\343\000o\000\040\000d\000o\000s\000\040\000c\000a\000m\000p\000o\000s\000\040\000e\000\040\000a\000t\000r\000i\000b\000u\000t\000o\000s}{section.4.2}% 17
\BOOKMARK [3][-]{subsubsection.4.2.2.1}{\376\377\0004\000.\0002\000.\0002\000.\0001\000\040\000f\000r\000e\000q\000u\000e\000n\000c\000i\000a}{subsection.4.2.2}% 18
\BOOKMARK [3][-]{subsubsection.4.2.2.2}{\376\377\0004\000.\0002\000.\0002\000.\0002\000\040\000x}{subsection.4.2.2}% 19
\BOOKMARK [3][-]{subsubsection.4.2.2.3}{\376\377\0004\000.\0002\000.\0002\000.\0003\000\040\000y}{subsection.4.2.2}% 20
\BOOKMARK [1][-]{section.4.3}{\376\377\0004\000.\0003\000\040\000R\000e\000f\000e\000r\000\352\000n\000c\000i\000a\000\040\000\340\000\040\000e\000s\000t\000r\000u\000t\000u\000r\000a\000\040\000N\000e\000f\000a\000s\000t\000o}{chapter.4}% 21
\BOOKMARK [2][-]{subsection.4.3.1}{\376\377\0004\000.\0003\000.\0001\000\040\000D\000e\000s\000c\000r\000i\000\347\000\343\000o\000\040\000d\000e\000t\000a\000l\000h\000a\000d\000a}{section.4.3}% 22
\BOOKMARK [2][-]{subsection.4.3.2}{\376\377\0004\000.\0003\000.\0002\000\040\000D\000o\000c\000u\000m\000e\000n\000t\000a\000\347\000\343\000o\000\040\000d\000o\000s\000\040\000c\000a\000m\000p\000o\000s\000\040\000e\000\040\000a\000t\000r\000i\000b\000u\000t\000o\000s}{section.4.3}% 23
\BOOKMARK [3][-]{subsubsection.4.3.2.1}{\376\377\0004\000.\0003\000.\0002\000.\0001\000\040\000p\000r\000o\000x}{subsection.4.3.2}% 24
\BOOKMARK [3][-]{subsubsection.4.3.2.2}{\376\377\0004\000.\0003\000.\0002\000.\0002\000\040\000x}{subsection.4.3.2}% 25
\BOOKMARK [3][-]{subsubsection.4.3.2.3}{\376\377\0004\000.\0003\000.\0002\000.\0003\000\040\000y}{subsection.4.3.2}% 26
\BOOKMARK [0][-]{chapter.5}{\376\377\0005\000\040\000D\000o\000c\000u\000m\000e\000n\000t\000a\000\347\000\343\000o\000\040\000d\000o\000\040\000f\000i\000c\000h\000e\000i\000r\000o}{}% 27
\BOOKMARK [1][-]{section.5.1}{\376\377\0005\000.\0001\000\040\000R\000e\000f\000e\000r\000\352\000n\000c\000i\000a\000\040\000a\000o\000\040\000f\000i\000c\000h\000e\000i\000r\000o\000\040\000C\000:\000/\000U\000s\000e\000r\000s\000/\000u\000s\000e\000r\000/\000s\000o\000u\000r\000c\000e\000/\000r\000e\000p\000o\000s\000/\000A\000n\000t\000e\000n\000a\000s\0000\0001\000/\000d\000a\000d\000o\000s\000.\000h}{chapter.5}% 28
\BOOKMARK [2][-]{subsection.5.1.1}{\376\377\0005\000.\0001\000.\0001\000\040\000D\000e\000s\000c\000r\000i\000\347\000\343\000o\000\040\000d\000e\000t\000a\000l\000h\000a\000d\000a}{section.5.1}% 29
\BOOKMARK [1][-]{section.5.2}{\376\377\0005\000.\0002\000\040\000C\000:\000/\000U\000s\000e\000r\000s\000/\000u\000s\000e\000r\000/\000s\000o\000u\000r\000c\000e\000/\000r\000e\000p\000o\000s\000/\000A\000n\000t\000e\000n\000a\000s\0000\0001\000/\000d\000a\000d\000o\000s\000.\000h}{chapter.5}% 30
\BOOKMARK [1][-]{section.5.3}{\376\377\0005\000.\0003\000\040\000R\000e\000f\000e\000r\000\352\000n\000c\000i\000a\000\040\000a\000o\000\040\000f\000i\000c\000h\000e\000i\000r\000o\000\040\000C\000:\000/\000U\000s\000e\000r\000s\000/\000u\000s\000e\000r\000/\000s\000o\000u\000r\000c\000e\000/\000r\000e\000p\000o\000s\000/\000A\000n\000t\000e\000n\000a\000s\0000\0001\000/\000f\000u\000n\000c\000o\000e\000s\000.\000c}{chapter.5}% 31
\BOOKMARK [2][-]{subsection.5.3.1}{\376\377\0005\000.\0003\000.\0001\000\040\000D\000e\000s\000c\000r\000i\000\347\000\343\000o\000\040\000d\000e\000t\000a\000l\000h\000a\000d\000a}{section.5.3}% 32
\BOOKMARK [2][-]{subsection.5.3.2}{\376\377\0005\000.\0003\000.\0002\000\040\000D\000o\000c\000u\000m\000e\000n\000t\000a\000\347\000\343\000o\000\040\000d\000a\000s\000\040\000m\000a\000c\000r\000o\000s}{section.5.3}% 33
\BOOKMARK [3][-]{subsubsection.5.3.2.1}{\376\377\0005\000.\0003\000.\0002\000.\0001\000\040\000\137\000C\000R\000T\000\137\000S\000E\000C\000U\000R\000E\000\137\000N\000O\000\137\000W\000A\000R\000N\000I\000N\000G\000S}{subsection.5.3.2}% 34
\BOOKMARK [2][-]{subsection.5.3.3}{\376\377\0005\000.\0003\000.\0003\000\040\000D\000o\000c\000u\000m\000e\000n\000t\000a\000\347\000\343\000o\000\040\000d\000a\000s\000\040\000f\000u\000n\000\347\000\365\000e\000s}{section.5.3}% 35
\BOOKMARK [3][-]{subsubsection.5.3.3.1}{\376\377\0005\000.\0003\000.\0003\000.\0001\000\040\000c\000a\000r\000r\000e\000g\000a\000r\000F\000i\000c\000h\000e\000i\000r\000o\000\050\000\051}{subsection.5.3.3}% 36
\BOOKMARK [3][-]{subsubsection.5.3.3.2}{\376\377\0005\000.\0003\000.\0003\000.\0002\000\040\000c\000r\000i\000a\000r\000A\000n\000t\000e\000n\000a\000\050\000\051}{subsection.5.3.3}% 37
\BOOKMARK [3][-]{subsubsection.5.3.3.3}{\376\377\0005\000.\0003\000.\0003\000.\0003\000\040\000c\000r\000i\000a\000r\000I\000n\000s\000e\000r\000i\000r\000N\000e\000f\000a\000s\000t\000o\000\050\000\051}{subsection.5.3.3}% 38
\BOOKMARK [3][-]{subsubsection.5.3.3.4}{\376\377\0005\000.\0003\000.\0003\000.\0004\000\040\000g\000r\000a\000v\000a\000r\000B\000i\000n\000a\000r\000i\000o\000\050\000\051}{subsection.5.3.3}% 39
\BOOKMARK [3][-]{subsubsection.5.3.3.5}{\376\377\0005\000.\0003\000.\0003\000.\0005\000\040\000i\000n\000s\000e\000r\000i\000r\000A\000n\000t\000e\000n\000a\000\050\000\051}{subsection.5.3.3}% 40
\BOOKMARK [3][-]{subsubsection.5.3.3.6}{\376\377\0005\000.\0003\000.\0003\000.\0006\000\040\000l\000e\000r\000B\000i\000n\000a\000r\000i\000o\000\050\000\051}{subsection.5.3.3}% 41
\BOOKMARK [3][-]{subsubsection.5.3.3.7}{\376\377\0005\000.\0003\000.\0003\000.\0007\000\040\000l\000i\000s\000t\000a\000r\000A\000n\000t\000e\000n\000a\000s\000\050\000\051}{subsection.5.3.3}% 42
\BOOKMARK [3][-]{subsubsection.5.3.3.8}{\376\377\0005\000.\0003\000.\0003\000.\0008\000\040\000l\000i\000s\000t\000a\000r\000N\000e\000f\000a\000s\000t\000o\000s\000\050\000\051}{subsection.5.3.3}% 43
\BOOKMARK [3][-]{subsubsection.5.3.3.9}{\376\377\0005\000.\0003\000.\0003\000.\0009\000\040\000r\000e\000m\000o\000v\000e\000r\000A\000n\000t\000e\000n\000a\000\050\000\051}{subsection.5.3.3}% 44
\BOOKMARK [2][-]{subsection.5.3.4}{\376\377\0005\000.\0003\000.\0004\000\040\000D\000o\000c\000u\000m\000e\000n\000t\000a\000\347\000\343\000o\000\040\000d\000a\000s\000\040\000v\000a\000r\000i\000\341\000v\000e\000i\000s}{section.5.3}% 45
\BOOKMARK [3][-]{subsubsection.5.3.4.1}{\376\377\0005\000.\0003\000.\0004\000.\0001\000\040\000m\000a\000x\000X}{subsection.5.3.4}% 46
\BOOKMARK [3][-]{subsubsection.5.3.4.2}{\376\377\0005\000.\0003\000.\0004\000.\0002\000\040\000m\000a\000x\000Y}{subsection.5.3.4}% 47
\BOOKMARK [1][-]{section.5.4}{\376\377\0005\000.\0004\000\040\000C\000:\000/\000U\000s\000e\000r\000s\000/\000u\000s\000e\000r\000/\000s\000o\000u\000r\000c\000e\000/\000r\000e\000p\000o\000s\000/\000A\000n\000t\000e\000n\000a\000s\0000\0001\000/\000f\000u\000n\000c\000o\000e\000s\000.\000c}{chapter.5}% 48
\BOOKMARK [1][-]{section.5.5}{\376\377\0005\000.\0005\000\040\000R\000e\000f\000e\000r\000\352\000n\000c\000i\000a\000\040\000a\000o\000\040\000f\000i\000c\000h\000e\000i\000r\000o\000\040\000C\000:\000/\000U\000s\000e\000r\000s\000/\000u\000s\000e\000r\000/\000s\000o\000u\000r\000c\000e\000/\000r\000e\000p\000o\000s\000/\000A\000n\000t\000e\000n\000a\000s\0000\0001\000/\000f\000u\000n\000c\000o\000e\000s\000.\000h}{chapter.5}% 49
\BOOKMARK [2][-]{subsection.5.5.1}{\376\377\0005\000.\0005\000.\0001\000\040\000D\000e\000s\000c\000r\000i\000\347\000\343\000o\000\040\000d\000e\000t\000a\000l\000h\000a\000d\000a}{section.5.5}% 50
\BOOKMARK [2][-]{subsection.5.5.2}{\376\377\0005\000.\0005\000.\0002\000\040\000D\000o\000c\000u\000m\000e\000n\000t\000a\000\347\000\343\000o\000\040\000d\000a\000s\000\040\000f\000u\000n\000\347\000\365\000e\000s}{section.5.5}% 51
\BOOKMARK [3][-]{subsubsection.5.5.2.1}{\376\377\0005\000.\0005\000.\0002\000.\0001\000\040\000c\000a\000r\000r\000e\000g\000a\000r\000F\000i\000c\000h\000e\000i\000r\000o\000\050\000\051}{subsection.5.5.2}% 52
\BOOKMARK [3][-]{subsubsection.5.5.2.2}{\376\377\0005\000.\0005\000.\0002\000.\0002\000\040\000c\000r\000i\000a\000r\000A\000n\000t\000e\000n\000a\000\050\000\051}{subsection.5.5.2}% 53
\BOOKMARK [3][-]{subsubsection.5.5.2.3}{\376\377\0005\000.\0005\000.\0002\000.\0003\000\040\000c\000r\000i\000a\000r\000I\000n\000s\000e\000r\000i\000r\000N\000e\000f\000a\000s\000t\000o\000\050\000\051}{subsection.5.5.2}% 54
\BOOKMARK [3][-]{subsubsection.5.5.2.4}{\376\377\0005\000.\0005\000.\0002\000.\0004\000\040\000g\000r\000a\000v\000a\000r\000B\000i\000n\000a\000r\000i\000o\000\050\000\051}{subsection.5.5.2}% 55
\BOOKMARK [3][-]{subsubsection.5.5.2.5}{\376\377\0005\000.\0005\000.\0002\000.\0005\000\040\000i\000n\000s\000e\000r\000i\000r\000A\000n\000t\000e\000n\000a\000\050\000\051}{subsection.5.5.2}% 56
\BOOKMARK [3][-]{subsubsection.5.5.2.6}{\376\377\0005\000.\0005\000.\0002\000.\0006\000\040\000l\000e\000r\000B\000i\000n\000a\000r\000i\000o\000\050\000\051}{subsection.5.5.2}% 57
\BOOKMARK [3][-]{subsubsection.5.5.2.7}{\376\377\0005\000.\0005\000.\0002\000.\0007\000\040\000l\000i\000s\000t\000a\000r\000A\000n\000t\000e\000n\000a\000s\000\050\000\051}{subsection.5.5.2}% 58
\BOOKMARK [3][-]{subsubsection.5.5.2.8}{\376\377\0005\000.\0005\000.\0002\000.\0008\000\040\000l\000i\000s\000t\000a\000r\000N\000e\000f\000a\000s\000t\000o\000s\000\050\000\051}{subsection.5.5.2}% 59
\BOOKMARK [3][-]{subsubsection.5.5.2.9}{\376\377\0005\000.\0005\000.\0002\000.\0009\000\040\000r\000e\000m\000o\000v\000e\000r\000A\000n\000t\000e\000n\000a\000\050\000\051}{subsection.5.5.2}% 60
\BOOKMARK [1][-]{section.5.6}{\376\377\0005\000.\0006\000\040\000C\000:\000/\000U\000s\000e\000r\000s\000/\000u\000s\000e\000r\000/\000s\000o\000u\000r\000c\000e\000/\000r\000e\000p\000o\000s\000/\000A\000n\000t\000e\000n\000a\000s\0000\0001\000/\000f\000u\000n\000c\000o\000e\000s\000.\000h}{chapter.5}% 61
\BOOKMARK [1][-]{section.5.7}{\376\377\0005\000.\0007\000\040\000R\000e\000f\000e\000r\000\352\000n\000c\000i\000a\000\040\000a\000o\000\040\000f\000i\000c\000h\000e\000i\000r\000o\000\040\000C\000:\000/\000U\000s\000e\000r\000s\000/\000u\000s\000e\000r\000/\000s\000o\000u\000r\000c\000e\000/\000r\000e\000p\000o\000s\000/\000A\000n\000t\000e\000n\000a\000s\0000\0001\000/\000m\000a\000i\000n\000.\000c}{chapter.5}% 62
\BOOKMARK [2][-]{subsection.5.7.1}{\376\377\0005\000.\0007\000.\0001\000\040\000D\000e\000s\000c\000r\000i\000\347\000\343\000o\000\040\000d\000e\000t\000a\000l\000h\000a\000d\000a}{section.5.7}% 63
\BOOKMARK [2][-]{subsection.5.7.2}{\376\377\0005\000.\0007\000.\0002\000\040\000D\000o\000c\000u\000m\000e\000n\000t\000a\000\347\000\343\000o\000\040\000d\000a\000s\000\040\000f\000u\000n\000\347\000\365\000e\000s}{section.5.7}% 64
\BOOKMARK [3][-]{subsubsection.5.7.2.1}{\376\377\0005\000.\0007\000.\0002\000.\0001\000\040\000m\000a\000i\000n\000\050\000\051}{subsection.5.7.2}% 65
\BOOKMARK [1][-]{section.5.8}{\376\377\0005\000.\0008\000\040\000C\000:\000/\000U\000s\000e\000r\000s\000/\000u\000s\000e\000r\000/\000s\000o\000u\000r\000c\000e\000/\000r\000e\000p\000o\000s\000/\000A\000n\000t\000e\000n\000a\000s\0000\0001\000/\000m\000a\000i\000n\000.\000c}{chapter.5}% 66
